2015-01-23 00:00:08
2015-01-23 17:25:22 : Kueche       on sunset ~:30 
2015-01-23 17:28:22 : Haustuer     on sunset ~:35:00
2015-01-23 17:32:22 : Stehlampe    on sunset ~:30:00 sunset
2015-01-23 17:58:22 : FlurDecke    on  sunset ~01:00
2015-01-23 18:05:00 : SteckerD     on 18:05       
2015-01-23 18:21:01 : SteckerC     on  18:04  ~:20:00
2015-01-23 19:14:00 : Stehlampe    on 18:50 ~:45:00
2015-01-23 19:15:00 : Kueche       on 19:15       
2015-01-23 19:22:00 : Bad          on 19:15 ~:10:00
2015-01-23 19:50:00 : Bad          off  19:50 ~:10:00
2015-01-23 20:10:22 : Kueche       off +02:45     
2015-01-23 20:17:22 : Stehlampe    off +2:45      
2015-01-23 20:43:00 : Bad          on 20:35 ~:10:00
2015-01-23 20:48:00 : Bad          off  +:12 ~:10:00
2015-01-23 21:19:00 : Bad          on 21:15 ~:10:00
2015-01-23 21:30:00 : FlurDecke    off 21:30      
2015-01-23 21:35:00 : Stehlampe    off 21:23 ~:15:00
2015-01-23 21:38:00 : Bad          off  21:35 ~:10:00
2015-01-23 21:42:00 : FlurDecke    on +:12        
2015-01-23 22:12:00 : Stehlampe    on 21:35 ~:45:00
2015-01-23 22:17:00 : SteckerC     off  22:05  ~:20:00
2015-01-23 22:32:00 : FlurDecke    on  22:30 ~:30:00
2015-01-23 23:13:00 : Haustuer     off 23:05 ~:15:00
2015-01-23 23:36:00 : FlurDecke    off 23:30 ~:10:00
2015-01-23 23:37:00 : SteckerD     off 23:30  ~:15:00
2015-01-23 23:38:00 : FlurDecke    off 23:35 ~:20:00
2015-01-23 23:47:00 : Stehlampe    off 23:45 ~:15:00
2015-01-23 23:52:01 : Kueche       off 23:45 ~:20:00
